Vivado Simulator v2021.1
Copyright 1986-1999, 2001-2021 Xilinx, Inc. All Rights Reserved.
Running: C:/Xilinx/Vivado/2021.1/bin/unwrapped/win64.o/xelab.exe -wto 57e6ddbdc10642c7af5f35e42ed68b39 --incr --debug typical --relax --mt 2 -L xil_defaultlib -L unisims_ver -L unimacro_ver -L secureip --snapshot G_ALU32_TB_behav xil_defaultlib.G_ALU32_TB xil_defaultlib.glbl -log elaborate.log 
Using 2 slave threads.
Starting static elaboration
Pass Through NonSizing Optimizer
Completed static elaboration
Starting simulation data flow analysis
Completed simulation data flow analysis
Time Resolution for simulation is 1ps
Compiling module xil_defaultlib.G_Decoder32
Compiling module xil_defaultlib.G_And32
Compiling module xil_defaultlib.G_Or32
Compiling module xil_defaultlib.G_Xor32
Compiling module xil_defaultlib.G_Not32
Compiling module xil_defaultlib.G_FullAdder4
Compiling module xil_defaultlib.G_FullAdder32
Compiling module xil_defaultlib.G_ALU32
Compiling module xil_defaultlib.G_ALU32_TB
Compiling module xil_defaultlib.glbl
Built simulation snapshot G_ALU32_TB_behav
